0 info it worked if it ends with ok
1 verbose cli [ 'C:\\Program Files\\nodejs\\node.exe',
1 verbose cli   'C:\\Program Files\\nodejs\\node_modules\\npm\\bin\\npm-cli.js',
1 verbose cli   'start' ]
2 info using npm@3.3.12
3 info using node@v5.1.0
4 verbose run-script [ 'prestart', 'start', 'poststart' ]
5 info lifecycle speedlogging@0.5.0~prestart: speedlogging@0.5.0
6 silly lifecycle speedlogging@0.5.0~prestart: no script for prestart, continuing
7 info lifecycle speedlogging@0.5.0~start: speedlogging@0.5.0
8 verbose lifecycle speedlogging@0.5.0~start: unsafe-perm in lifecycle true
9 verbose lifecycle speedlogging@0.5.0~start: PATH: C:\Program Files\nodejs\node_modules\npm\bin\node-gyp-bin;D:\src\speedlogging\site\node_modules\.bin;C:\Users\obrie\bin;C:\dev\Git\mingw64\bin;C:\dev\Git\usr\local\bin;C:\dev\Git\usr\bin;C:\dev\Git\usr\bin;C:\dev\Git\cmd;C:\Program Files\ConEmu\ConEmu\Scripts;C:\Program Files\ConEmu;C:\Program Files\ConEmu\ConEmu;D:\dev\apache-maven\bin;C:\dev\Git\usr\bin;C:\ProgramData\Oracle\Java\javapath;C:\dev\bin;C:\WINDOWS\system32;C:\WINDOWS;C:\WINDOWS\System32\Wbem;C:\WINDOWS\System32\WindowsPowerShell\v1.0;C:\Program Files\Microsoft\Web Platform Installer;C:\Program Files\nodejs;C:\dev\python27;C:\Program Files (x86)\Windows Kits\8.1\Windows Performance Toolkit;C:\Program Files\Microsoft SQL Server\110\Tools\Binn;C:\Program Files (x86)\Microsoft SDKs\TypeScript\1.0;C:\Program Files\Microsoft SQL Server\120\Tools\Binn;C:\Program Files\Microsoft SQL Server\Client SDK\ODBC\110\Tools\Binn;C:\Program Files (x86)\Microsoft SQL Server\120\Tools\Binn;C:\Program Files\Microsoft SQL Server\120\DTS\Binn;C:\Program Files (x86)\Microsoft SQL Server\120\Tools\Binn\ManagementStudio;C:\Program Files (x86)\Microsoft SQL Server\120\DTS\Binn;C:\Program Files (x86)\Skype\Phone;C:\Program Files\PostgreSQL\9.5\bin;C:\dev\Ruby22-x64\bin;C:\dev\Docker Toolbox;C:\dev\Microsoft VS Code\bin;C:\Users\obrie\AppData\Roaming\npm;C:\Users\obrie\AppData\Local\atom\bin;C:\dev\Git\usr\bin\vendor_perl;C:\dev\Git\usr\bin\core_perl
10 verbose lifecycle speedlogging@0.5.0~start: CWD: D:\src\speedlogging\site
11 silly lifecycle speedlogging@0.5.0~start: Args: [ '/d /s /c', 'node app.js' ]
12 silly lifecycle speedlogging@0.5.0~start: Returned: code: 1  signal: null
13 info lifecycle speedlogging@0.5.0~start: Failed to exec start script
14 verbose stack Error: speedlogging@0.5.0 start: `node app.js`
14 verbose stack Exit status 1
14 verbose stack     at EventEmitter.<anonymous> (C:\Program Files\nodejs\node_modules\npm\lib\utils\lifecycle.js:232:16)
14 verbose stack     at emitTwo (events.js:87:13)
14 verbose stack     at EventEmitter.emit (events.js:172:7)
14 verbose stack     at ChildProcess.<anonymous> (C:\Program Files\nodejs\node_modules\npm\lib\utils\spawn.js:24:14)
14 verbose stack     at emitTwo (events.js:87:13)
14 verbose stack     at ChildProcess.emit (events.js:172:7)
14 verbose stack     at maybeClose (internal/child_process.js:818:16)
14 verbose stack     at Process.ChildProcess._handle.onexit (internal/child_process.js:211:5)
15 verbose pkgid speedlogging@0.5.0
16 verbose cwd D:\src\speedlogging\site
17 error Windows_NT 10.0.10586
18 error argv "C:\\Program Files\\nodejs\\node.exe" "C:\\Program Files\\nodejs\\node_modules\\npm\\bin\\npm-cli.js" "start"
19 error node v5.1.0
20 error npm  v3.3.12
21 error code ELIFECYCLE
22 error speedlogging@0.5.0 start: `node app.js`
22 error Exit status 1
23 error Failed at the speedlogging@0.5.0 start script 'node app.js'.
23 error Make sure you have the latest version of node.js and npm installed.
23 error If you do, this is most likely a problem with the speedlogging package,
23 error not with npm itself.
23 error Tell the author that this fails on your system:
23 error     node app.js
23 error You can get their info via:
23 error     npm owner ls speedlogging
23 error There is likely additional logging output above.
24 verbose exit [ 1, true ]
